2024-09-03T06:26:00.152Z [INFO]: GET /award/create 404 5.810 ms
2024-09-03T06:26:05.762Z [INFO]: POST /award/create 201 163.461 ms
2024-09-03T06:30:42.722Z [INFO]: POST /award/create 201 183.135 ms
2024-09-03T06:33:23.884Z [INFO]: POST /award/create 201 93.470 ms
2024-09-03T06:36:09.309Z [INFO]: POST /award/create 201 177.757 ms
2024-09-03T06:36:52.627Z [INFO]: DELETE /award/delete/66d6ae59909c41aafd4266df 200 90.018 ms
2024-09-03T06:37:37.156Z [INFO]: GET /award/get/66cb70a379675c6e2ad1f391 200 84.257 ms
2024-09-03T06:55:38.158Z [INFO]: POST /certificate/create 201 223.444 ms
2024-09-03T06:56:38.478Z [INFO]: GET /certificate/get/66d6b2e966b8a4fd8730bb2b 200 93.619 ms
2024-09-03T06:56:51.887Z [INFO]: DELETE /certificate/delete/66d6b2e966b8a4fd8730bb2b 200 44.959 ms
2024-09-03T07:07:16.832Z [INFO]: POST /course/create 201 147.015 ms
2024-09-03T07:07:56.003Z [INFO]: GET /course/get/66d6b5a4a06b957ea4a85557 200 41.647 ms
2024-09-03T07:08:03.786Z [INFO]: DELETE /course/delete/66d6b5a4a06b957ea4a85557 200 83.366 ms
2024-09-03T07:30:59.064Z [INFO]: POST /education/create 201 218.437 ms
2024-09-03T07:31:50.368Z [INFO]: GET /education/get/66d6bb320968d4a49810cf2b 200 36.293 ms
2024-09-03T07:31:58.846Z [INFO]: DELETE /education/delete/66d6bb320968d4a49810cf2b 200 91.113 ms
2024-09-03T07:42:48.373Z [INFO]: POST /experience/create 201 332.111 ms
2024-09-03T07:54:32.045Z [INFO]: GET /experience/get/66d6bdf88c5c97ac92c5dfcd 200 41.209 ms
2024-09-03T07:54:39.681Z [INFO]: DELETE /experience/delete/66d6bdf88c5c97ac92c5dfcd 200 102.531 ms
2024-09-03T07:54:59.233Z [INFO]: DELETE /experience/delete/66cb8726ec46f2786b9ffdcd 200 80.278 ms
2024-09-03T07:59:05.461Z [INFO]: POST /experience/create 201 165.119 ms
2024-09-03T08:00:38.671Z [INFO]: POST /experience/create 201 170.995 ms
2024-09-03T08:02:14.139Z [INFO]: POST /experience/create 201 140.968 ms
2024-09-03T08:02:45.105Z [INFO]: GET /experience/get/66d6c285f96fc950b63f9187 200 66.165 ms
2024-09-03T08:02:55.794Z [INFO]: DELETE /experience/delete/66d6c285f96fc950b63f9187 200 99.089 ms
